<?xml version="1.0" encoding="UTF-8"?>
<!-- Generated by org.testng.reporters.JUnitReportReporter -->
<testsuite hostname="SanDip" failures="0" tests="1" name="verification_usingTestNG.VerifiactionRadioButton" time="13.964" errors="0" timestamp="2022-06-28T22:09:04 IST" skipped="0">
  <testcase classname="verification_usingTestNG.VerifiactionRadioButton" name="mymethod" time="13.964"/>
  <system-out>
    <![CDATA[Tc fail Radio button is not slected]]>
  </system-out>
</testsuite> <!-- verification_usingTestNG.VerifiactionRadioButton -->
