<?xml version="1.0" encoding="UTF-8"?>
<!-- Generated by org.testng.reporters.JUnitReportReporter -->
<testsuite hostname="SanDip" failures="0" tests="1" name="serial_parellel_Execution.MyClass2" time="8.251" errors="0" timestamp="2022-06-28T19:23:08 IST" skipped="0">
  <testcase classname="serial_parellel_Execution.MyClass2" name="mymethod" time="8.251"/>
  <system-out/>
</testsuite> <!-- serial_parellel_Execution.MyClass2 -->
