<?xml version="1.0" encoding="UTF-8"?>
<!-- Generated by org.testng.reporters.JUnitReportReporter -->
<testsuite hostname="SanDip" failures="0" tests="1" name="verification_usingTestNG.Aseert_equaluse" time="0.010" errors="0" timestamp="2022-06-28T15:07:17 IST" skipped="0">
  <testcase classname="verification_usingTestNG.Aseert_equaluse" name="Mymethod" time="0.010"/>
  <system-out>
    <![CDATA[ a and b are not matching tc is pass]]>
  </system-out>
</testsuite> <!-- verification_usingTestNG.Aseert_equaluse -->
