<?xml version="1.0" encoding="UTF-8"?>
<!-- Generated by org.testng.reporters.JUnitReportReporter -->
<testsuite hostname="SanDip" failures="0" tests="2" name="testNG.Annotaion_Stuady" time="0.006" errors="0" timestamp="2022-06-22T16:11:02 IST" skipped="0">
  <testcase classname="testNG.Annotaion_Stuady" name="validatedashboard" time="0.003"/>
  <system-out>
    <![CDATA[dash board validated ]]>
  </system-out>
  <testcase classname="testNG.Annotaion_Stuady" name="validateuserid" time="0.003"/>
  <system-out>
    <![CDATA[user id validated]]>
  </system-out>
</testsuite> <!-- testNG.Annotaion_Stuady -->
