<?xml version="1.0" encoding="UTF-8"?>
<!-- Generated by org.testng.reporters.JUnitReportReporter -->
<testsuite hostname="SanDip" failures="0" tests="1" name="testNG_Annotation.Annotation_NewTest" time="0.004" errors="0" timestamp="2022-06-23T00:08:22 IST" skipped="0">
  <testcase classname="testNG_Annotation.Annotation_NewTest" name="recharge" time="0.004"/>
  <system-out>
    <![CDATA[recharge ]]>
  </system-out>
</testsuite> <!-- testNG_Annotation.Annotation_NewTest -->
