<?xml version="1.0" encoding="UTF-8"?>
<!-- Generated by org.testng.reporters.JUnitReportReporter -->
<testsuite hostname="SanDip" failures="0" tests="2" name="testNG.MyTestClass" time="26.118" errors="0" timestamp="2022-06-22T16:11:02 IST" skipped="0">
  <testcase classname="testNG.MyTestClass" name="Mymethod" time="13.074"/>
  <system-out/>
  <testcase classname="testNG.MyTestClass" name="fMymethod" time="13.044"/>
  <system-out>
    <![CDATA[hi method is running is reporter method
hi method is running is reporter method 1]]>
  </system-out>
</testsuite> <!-- testNG.MyTestClass -->
