<?xml version="1.0" encoding="UTF-8"?>
<!-- Generated by org.testng.reporters.JUnitReportReporter -->
<testsuite hostname="SanDip" failures="0" tests="1" name="grouping.NewTestg1" time="0.002" errors="0" timestamp="2022-07-11T14:23:02 IST" skipped="0">
  <testcase classname="grouping.NewTestg1" name="c" time="0.002"/>
  <system-out>
    <![CDATA[i am running Regression c]]>
  </system-out>
</testsuite> <!-- grouping.NewTestg1 -->
