<?xml version="1.0" encoding="UTF-8"?>
<!-- Generated by org.testng.reporters.JUnitReportReporter -->
<testsuite hostname="SanDip" failures="0" tests="1" name="verification_usingTestNG.Multiple_Verification" time="0.014" errors="0" timestamp="2022-06-28T22:21:37 IST" skipped="0">
  <testcase classname="verification_usingTestNG.Multiple_Verification" name="Mymethod" time="0.014"/>
  <system-out/>
</testsuite> <!-- verification_usingTestNG.Multiple_Verification -->
