<?xml version="1.0" encoding="UTF-8"?>
<!-- Generated by org.testng.reporters.JUnitReportReporter -->
<testsuite hostname="SanDip" failures="0" tests="1" name="testNG.NewTest" time="0.004" errors="0" timestamp="2022-06-22T16:11:02 IST" skipped="0">
  <testcase classname="testNG.NewTest" name="recharge" time="0.004"/>
  <system-out>
    <![CDATA[recharge ]]>
  </system-out>
</testsuite> <!-- testNG.NewTest -->
