<?xml version="1.0" encoding="UTF-8"?>
<!-- Generated by org.testng.reporters.JUnitReportReporter -->
<testsuite hostname="SanDip" failures="0" tests="1" name="kitePOM_using_testNg.Validate_Kite_appUserName" time="4.326" errors="0" timestamp="2022-07-11T14:53:46 IST" skipped="0">
  <testcase classname="kitePOM_using_testNg.Validate_Kite_appUserName" name="validateusername" time="4.326"/>
  <system-out>
    <![CDATA[validating user name  
actualusername and expected are matching tc is pass]]>
  </system-out>
</testsuite> <!-- kitePOM_using_testNg.Validate_Kite_appUserName -->
