<?xml version="1.0" encoding="UTF-8"?>
<!-- Generated by org.testng.reporters.JUnitReportReporter -->
<testsuite hostname="SanDip" failures="0" tests="2" name="testNG_Annotation.Annotaion_Stuady" time="0.008" errors="0" timestamp="2022-06-23T08:59:04 IST" skipped="0">
  <testcase classname="testNG_Annotation.Annotaion_Stuady" name="validatedashboard" time="0.006"/>
  <system-out>
    <![CDATA[dash board validated ]]>
  </system-out>
  <testcase classname="testNG_Annotation.Annotaion_Stuady" name="validateuserid" time="0.002"/>
  <system-out>
    <![CDATA[user id validated]]>
  </system-out>
</testsuite> <!-- testNG_Annotation.Annotaion_Stuady -->
