<?xml version="1.0" encoding="UTF-8"?>
<!-- Generated by org.testng.reporters.JUnitReportReporter -->
<testsuite hostname="SanDip" failures="0" tests="1" name="grouping.IncludeExclude" time="0.007" errors="0" timestamp="2022-07-02T13:34:20 IST" skipped="0">
  <testcase classname="grouping.IncludeExclude" name="P" time="0.007"/>
  <system-out>
    <![CDATA[i am p]]>
  </system-out>
</testsuite> <!-- grouping.IncludeExclude -->
