<?xml version="1.0" encoding="UTF-8"?>
<!-- Generated by org.testng.reporters.JUnitReportReporter -->
<testsuite hostname="SanDip" failures="0" tests="3" name="testNG_Keywords.Priority_use" time="0.010" errors="0" timestamp="2022-07-11T13:58:46 IST" skipped="0">
  <testcase classname="testNG_Keywords.Priority_use" name="A" time="0.008"/>
  <system-out>
    <![CDATA[i am a]]>
  </system-out>
  <testcase classname="testNG_Keywords.Priority_use" name="Z" time="0.001"/>
  <system-out>
    <![CDATA[i am z]]>
  </system-out>
  <testcase classname="testNG_Keywords.Priority_use" name="P" time="0.001"/>
  <system-out>
    <![CDATA[i am p]]>
  </system-out>
</testsuite> <!-- testNG_Keywords.Priority_use -->
