<?xml version="1.0" encoding="UTF-8"?>
<!-- Generated by org.testng.reporters.JUnitReportReporter -->
<testsuite hostname="SanDip" failures="0" tests="1" name="crossbrowesrtest.FireFoxTest" time="26.205" errors="0" timestamp="2022-06-29T21:26:35 IST" skipped="0">
  <testcase classname="crossbrowesrtest.FireFoxTest" name="mymethod" time="26.205"/>
  <system-out/>
</testsuite> <!-- crossbrowesrtest.FireFoxTest -->
