<?xml version="1.0" encoding="UTF-8"?>
<!-- Generated by org.testng.reporters.JUnitReportReporter -->
<testsuite hostname="SanDip" failures="0" tests="1" name="kiteTest.validatekiteuserID" time="3.615" errors="0" timestamp="2022-07-06T19:06:37 IST" skipped="0">
  <testcase classname="kiteTest.validatekiteuserID" name="validateuserid" time="3.615"/>
  <system-out/>
</testsuite> <!-- kiteTest.validatekiteuserID -->
