<?xml version="1.0" encoding="UTF-8"?>
<!-- Generated by org.testng.reporters.JUnitReportReporter -->
<testsuite hostname="SanDip" failures="0" tests="2" name="crossbrowesrtest.CrossBrowserTesting02" time="20.053" errors="0" timestamp="2022-07-04T23:02:32 IST" skipped="0">
  <testcase classname="crossbrowesrtest.CrossBrowserTesting02" name="mymethod" time="13.357"/>
  <system-out/>
  <testcase classname="crossbrowesrtest.CrossBrowserTesting02" name="mymethod" time="6.696"/>
  <system-out/>
</testsuite> <!-- crossbrowesrtest.CrossBrowserTesting02 -->
