<?xml version="1.0" encoding="UTF-8"?>
<!-- Generated by org.testng.reporters.JUnitReportReporter -->
<testsuite hostname="SanDip" failures="0" tests="3" name="testNG_Keywords.TimeoutUse" time="0.235" errors="0" timestamp="2022-07-11T14:06:54 IST" skipped="0">
  <testcase classname="testNG_Keywords.TimeoutUse" name="P" time="0.218"/>
  <system-out>
    <![CDATA[i am p]]>
  </system-out>
  <testcase classname="testNG_Keywords.TimeoutUse" name="Z" time="0.005"/>
  <system-out>
    <![CDATA[i am z]]>
  </system-out>
  <testcase classname="testNG_Keywords.TimeoutUse" name="A" time="0.012"/>
  <system-out>
    <![CDATA[i am a]]>
  </system-out>
</testsuite> <!-- testNG_Keywords.TimeoutUse -->
