<?xml version="1.0" encoding="UTF-8"?>
<!-- Generated by org.testng.reporters.JUnitReportReporter -->
<testsuite hostname="SanDip" failures="0" tests="3" name="inCludeExclude.includeNewTest" time="0.011" errors="0" timestamp="2022-06-23T15:30:57 IST" skipped="0">
  <testcase classname="inCludeExclude.includeNewTest" name="Z" time="0.002"/>
  <system-out>
    <![CDATA[i am z]]>
  </system-out>
  <testcase classname="inCludeExclude.includeNewTest" name="P" time="0.001"/>
  <system-out>
    <![CDATA[i am p]]>
  </system-out>
  <testcase classname="inCludeExclude.includeNewTest" name="A" time="0.008"/>
  <system-out>
    <![CDATA[i am a]]>
  </system-out>
</testsuite> <!-- inCludeExclude.includeNewTest -->
