<?xml version="1.0" encoding="UTF-8"?>
<!-- Generated by org.testng.reporters.JUnitReportReporter -->
<testsuite hostname="SanDip" failures="0" tests="3" name="testNG_Keywords.EnableUse" time="0.014" errors="0" timestamp="2022-07-11T13:55:05 IST" skipped="1">
  <testcase classname="testNG_Keywords.EnableUse" name="Z" time="0.002"/>
  <system-out>
    <![CDATA[i am z]]>
  </system-out>
  <testcase classname="testNG_Keywords.EnableUse" name="P" time="0.012"/>
  <system-out>
    <![CDATA[i am p]]>
  </system-out>
  <testcase classname="testNG_Keywords.EnableUse" name="A">
    <skipped/>
  </testcase> <!-- A -->
  <system-out/>
</testsuite> <!-- testNG_Keywords.EnableUse -->
