<?xml version="1.0" encoding="UTF-8"?>
<!-- Generated by org.testng.reporters.JUnitReportReporter -->
<testsuite hostname="SanDip" failures="0" tests="1" name="verification_usingTestNG.Aseert_equaluse_notEquals" time="0.013" errors="0" timestamp="2022-06-28T22:14:47 IST" skipped="0">
  <testcase classname="verification_usingTestNG.Aseert_equaluse_notEquals" name="Mymethod" time="0.013"/>
  <system-out>
    <![CDATA[ a and b are not matching tc is pass]]>
  </system-out>
</testsuite> <!-- verification_usingTestNG.Aseert_equaluse_notEquals -->
