<?xml version="1.0" encoding="UTF-8"?>
<!-- Generated by org.testng.reporters.JUnitReportReporter -->
<testsuite hostname="SanDip" failures="0" tests="2" name="grouping.NewTest_g2" time="0.011" errors="0" timestamp="2022-07-11T14:23:02 IST" skipped="0">
  <testcase classname="grouping.NewTest_g2" name="q" time="0.009"/>
  <system-out>
    <![CDATA[i am running Regression q]]>
  </system-out>
  <testcase classname="grouping.NewTest_g2" name="s" time="0.002"/>
  <system-out>
    <![CDATA[i am running Regression s]]>
  </system-out>
</testsuite> <!-- grouping.NewTest_g2 -->
