<?xml version="1.0" encoding="UTF-8"?>
<!-- Generated by org.testng.reporters.JUnitReportReporter -->
<testsuite hostname="SanDip" failures="0" tests="2" name="testNG_Keywords.Incoation_count" time="0.016" errors="0" timestamp="2022-07-11T13:53:07 IST" skipped="0">
  <testcase classname="testNG_Keywords.Incoation_count" name="fmytest1" time="0.002"/>
  <system-out>
    <![CDATA[hi]]>
  </system-out>
  <testcase classname="testNG_Keywords.Incoation_count" name="fmytest1" time="0.014"/>
  <system-out>
    <![CDATA[hi]]>
  </system-out>
</testsuite> <!-- testNG_Keywords.Incoation_count -->
