<?xml version="1.0" encoding="UTF-8"?>
<!-- Generated by org.testng.reporters.JUnitReportReporter -->
<testsuite hostname="SanDip" failures="0" tests="1" name="kiteTest.Verifiactionkiteusename_properties" time="2.505" errors="0" timestamp="2022-07-06T20:02:16 IST" skipped="0">
  <testcase classname="kiteTest.Verifiactionkiteusename_properties" name="validateuserid" time="2.505"/>
  <system-out>
    <![CDATA[congratulation your TC is pass,pass TC name is validateuserid]]>
  </system-out>
</testsuite> <!-- kiteTest.Verifiactionkiteusename_properties -->
