<?xml version="1.0" encoding="UTF-8"?>
<!-- Generated by org.testng.reporters.JUnitReportReporter -->
<testsuite hostname="SanDip" failures="0" tests="1" name="verification_usingTestNG.Assert_true_false_use" time="0.016" errors="0" timestamp="2022-06-28T22:16:20 IST" skipped="0">
  <testcase classname="verification_usingTestNG.Assert_true_false_use" name="Mymethod" time="0.016"/>
  <system-out>
    <![CDATA[a is true tc is pass]]>
  </system-out>
</testsuite> <!-- verification_usingTestNG.Assert_true_false_use -->
